2014/02/12 18:08:37 [error] [exception.CException] exception 'CException' with message 'CAssetManager.basePath "/var/www/cromos/assets" is invalid. Please make sure the directory exists and is writable by the Web server process.' in /var/www/yii/framework/web/CAssetManager.php:138
Stack trace:
#0 /var/www/yii/framework/web/CAssetManager.php(123): CAssetManager->setBasePath('/var/www/cromos...')
#1 /var/www/yii/framework/web/CAssetManager.php(217): CAssetManager->getBasePath()
#2 /var/www/cromos/protected/extensions/yiistrap/components/TbApi.php(218): CAssetManager->publish('/var/www/cromos...', false, -1, false)
#3 /var/www/cromos/protected/extensions/yiistrap/components/TbApi.php(51): TbApi->getAssetsUrl()
#4 /var/www/cromos/protected/extensions/yiistrap/components/TbApi.php(92): TbApi->registerCoreCss()
#5 /var/www/cromos/protected/extensions/yiistrap/components/TbApi.php(137): TbApi->registerAllCss()
#6 /var/www/cromos/protected/views/layouts/main.php(2): TbApi->register()
#7 /var/www/yii/framework/web/CBaseController.php(126): require('/var/www/cromos...')
#8 /var/www/yii/framework/web/CBaseController.php(95): CBaseController->renderInternal('/var/www/cromos...', Array, true)
#9 /var/www/yii/framework/web/widgets/CContentDecorator.php(76): CBaseController->renderFile('/var/www/cromos...', Array, true)
#10 /var/www/yii/framework/web/widgets/CContentDecorator.php(54): CContentDecorator->decorate('<div id="conten...')
#11 /var/www/yii/framework/web/widgets/COutputProcessor.php(44): CContentDecorator->processOutput('<div id="conten...')
#12 /var/www/yii/framework/web/CBaseController.php(206): COutputProcessor->run()
#13 /var/www/yii/framework/web/CBaseController.php(300): CBaseController->endWidget('CContentDecorat...')
#14 /var/www/cromos/protected/views/layouts/column1.php(6): CBaseController->endContent()
#15 /var/www/yii/framework/web/CBaseController.php(126): require('/var/www/cromos...')
#16 /var/www/yii/framework/web/CBaseController.php(95): CBaseController->renderInternal('/var/www/cromos...', Array, true)
#17 /var/www/yii/framework/web/CController.php(784): CBaseController->renderFile('/var/www/cromos...', Array, true)
#18 /var/www/cromos/protected/controllers/SiteController.php(32): CController->render('index')
#19 /var/www/yii/framework/web/actions/CInlineAction.php(49): SiteController->actionIndex()
#20 /var/www/yii/framework/web/CController.php(308): CInlineAction->runWithParams(Array)
#21 /var/www/yii/framework/web/CController.php(286): CController->runAction(Object(CInlineAction))
#22 /var/www/yii/framework/web/CController.php(265): CController->runActionWithFilters(Object(CInlineAction), Array)
#23 /var/www/yii/framework/web/CWebApplication.php(282): CController->run('')
#24 /var/www/yii/framework/web/CWebApplication.php(141): CWebApplication->runController('')
#25 /var/www/yii/framework/base/CApplication.php(180): CWebApplication->processRequest()
#26 /var/www/cromos/index.php(13): CApplication->run()
#27 {main}
REQUEST_URI=/cromos/
---
